Login request: ident='admin@orthodata.com', pwd_len=17
User found: admin@orthodata.com, Valid=True, Active=True
Login request: ident='admin@orthodata.com', pwd_len=17
User found: admin@orthodata.com, Valid=True, Active=True
Login request: ident='admin@orthodata.com', pwd_len=17
User found: admin@orthodata.com, Valid=True, Active=True
Login request: ident='admin@orthodata.com', pwd_len=17
User found: admin@orthodata.com, Valid=True, Active=True
Login request: ident='admin@orthodata.com', pwd_len=17
User found: admin@orthodata.com, Valid=True, Active=True
Login request: ident='admin@orthodata.com', pwd_len=17
User found: admin@orthodata.com, Valid=True, Active=True
Login request: ident='admin@orthodata.com', pwd_len=17
User found: admin@orthodata.com, Valid=True, Active=True
Login request: ident='admin@orthodata.com', pwd_len=17
User found: admin@orthodata.com, Valid=True, Active=True
Login request: ident='admin@orthodata.com', pwd_len=17
User found: admin@orthodata.com, Valid=True, Active=True
Login request: ident='admin@orthodata.com', pwd_len=17
User found: admin@orthodata.com, Valid=True, Active=True
Login request: ident='admin@orthodata.com', pwd_len=17
User found: admin@orthodata.com, Valid=True, Active=True
Login request: ident='hajarchhahid@gmail.com', pwd_len=13
User found: hajarchhahid@gmail.com, Valid=True, Active=True
Login request: ident='pop@gmail.com', pwd_len=10
User found: pop@gmail.com, Valid=True, Active=True
Login request: ident='hajarchhahid@gmail.com', pwd_len=13
User found: hajarchhahid@gmail.com, Valid=True, Active=True
Login request: ident='hajarchhahid@gmail.com', pwd_len=13
User found: hajarchhahid@gmail.com, Valid=True, Active=True
Login request: ident='hajarchhahid@gmail.com', pwd_len=13
User found: hajarchhahid@gmail.com, Valid=True, Active=True
Login request: ident='hajarchhahid@gmail.com', pwd_len=13
User found: hajarchhahid@gmail.com, Valid=True, Active=True
Login request: ident='hajarchhahid@gmail.com', pwd_len=13
User found: hajarchhahid@gmail.com, Valid=True, Active=True
Login request: ident='hajarchhahid@gmail.com', pwd_len=13
User found: hajarchhahid@gmail.com, Valid=True, Active=True
Login request: ident='hajarchhahid@gmail.com', pwd_len=13
User found: hajarchhahid@gmail.com, Valid=True, Active=True
Login request: ident='hajarchhahid@gmail.com', pwd_len=13
User found: hajarchhahid@gmail.com, Valid=True, Active=True
Login request: ident='hajarchhahid@gmail.com', pwd_len=13
User found: hajarchhahid@gmail.com, Valid=True, Active=True
Login request: ident='admin@orthodata.com', pwd_len=17
User found: admin@orthodata.com, Valid=True, Active=True
Login request: ident='hajarchhahid@gmail.com', pwd_len=13
User found: hajarchhahid@gmail.com, Valid=True, Active=True
Login request: ident='admin@orthodata.com', pwd_len=17
User found: admin@orthodata.com, Valid=True, Active=True
Login request: ident='jiji@gmail.com', pwd_len=13
User found: jiji@gmail.com, Valid=True, Active=True
Login request: ident='jiji@gmail.com', pwd_len=13
User found: jiji@gmail.com, Valid=True, Active=True
Login request: ident='jiji@gmail.com', pwd_len=13
User found: jiji@gmail.com, Valid=True, Active=True
Login request: ident='jiji@gmail.com', pwd_len=13
User found: jiji@gmail.com, Valid=True, Active=True
Login request: ident='jiji@gmail.com', pwd_len=13
User found: jiji@gmail.com, Valid=True, Active=True
Login request: ident='admin@orthodata.com', pwd_len=17
User found: admin@orthodata.com, Valid=True, Active=True
Login request: ident='jiji@gmail.com', pwd_len=13
User found: jiji@gmail.com, Valid=True, Active=True
Login request: ident='jiji@gmail.com', pwd_len=13
User found: jiji@gmail.com, Valid=True, Active=True
Login request: ident='jiji@gmail.com', pwd_len=14
User found: jiji@gmail.com, Valid=False, Active=True
Login request: ident='jiji@gmail.com', pwd_len=13
User found: jiji@gmail.com, Valid=True, Active=True
Login request: ident='jiji@gmail.com', pwd_len=13
User found: jiji@gmail.com, Valid=True, Active=True
Login request: ident='jiji@gmail.com', pwd_len=13
User found: jiji@gmail.com, Valid=True, Active=True
Login request: ident='hajarchhahid@gmail.com', pwd_len=13
User found: hajarchhahid@gmail.com, Valid=True, Active=True
Login request: ident='jiji@gmail.com', pwd_len=13
User found: jiji@gmail.com, Valid=True, Active=True
Login request: ident='jiji@gmail.com', pwd_len=13
User found: jiji@gmail.com, Valid=True, Active=True
Login request: ident='jiji@gmail.com', pwd_len=13
User found: jiji@gmail.com, Valid=True, Active=True
Login request: ident='jiji@gmail.com', pwd_len=13
User found: jiji@gmail.com, Valid=True, Active=True
Login request: ident='jiji@gmail.com', pwd_len=13
User found: jiji@gmail.com, Valid=True, Active=True
Login request: ident='admin@orthodata.com', pwd_len=17
User found: admin@orthodata.com, Valid=True, Active=True
Login request: ident='lila@gmail.com', pwd_len=13
User found: lila@gmail.com, Valid=True, Active=True
Login request: ident='admin@orthodata.com', pwd_len=17
User found: admin@orthodata.com, Valid=True, Active=True
Login request: ident='lila1@gmail.com', pwd_len=17
User found: lila1@gmail.com, Valid=False, Active=True
Login request: ident='lila1@gmail.com', pwd_len=13
User found: lila1@gmail.com, Valid=True, Active=True
Login request: ident='jiji@gmail.com', pwd_len=13
User found: jiji@gmail.com, Valid=True, Active=True
Login request: ident='jiji@gmail.com', pwd_len=13
User found: jiji@gmail.com, Valid=True, Active=True
Login request: ident='hajarchhahid@gmail.com', pwd_len=15
User found: hajarchhahid@gmail.com, Valid=True, Active=True
Login request: ident='admin@orthodata.com', pwd_len=17
User found: admin@orthodata.com, Valid=True, Active=True
Login request: ident='encadrant@gmail.com', pwd_len=13
User found: encadrant@gmail.com, Valid=True, Active=True
Login request: ident='encadrant@gmail.com', pwd_len=13
User found: encadrant@gmail.com, Valid=True, Active=True
